<?xml version="1.0" encoding="UTF-8"?>
<testng-results skipped="0" failed="0" ignored="0" total="1" passed="1">
  <reporter-output>
  </reporter-output>
  <suite name="Suite" duration-ms="49183" started-at="2022-03-18T05:51:34Z" finished-at="2022-03-18T05:52:23Z">
    <groups>
    </groups>
    <test name="Test" duration-ms="49183" started-at="2022-03-18T05:51:34Z" finished-at="2022-03-18T05:52:23Z">
      <class name="testRunner.InsuranceTestRunner">
        <test-method status="PASS" signature="initialize()[pri:0, instance:testRunner.InsuranceTestRunner@31dc339b]" name="initialize" is-config="true" duration-ms="303" started-at="2022-03-18T05:51:34Z" finished-at="2022-03-18T05:51:35Z">
          <reporter-output>
          </reporter-output>
        </test-method> <!-- initialize -->
        <test-method status="PASS" signature="feature(cucumber.api.testng.CucumberFeatureWrapper)[pri:0, instance:testRunner.InsuranceTestRunner@31dc339b]" name="feature" duration-ms="48664" started-at="2022-03-18T05:51:35Z" description="Cucumber with TestNG" data-provider="getFeature" finished-at="2022-03-18T05:52:23Z">
          <params>
            <param index="0">
              <value>
                <![CDATA[Insurance Project]]>
              </value>
            </param>
          </params>
          <reporter-output>
          </reporter-output>
        </test-method> <!-- feature -->
        <test-method status="PASS" signature="close()[pri:0, instance:testRunner.InsuranceTestRunner@31dc339b]" name="close" is-config="true" duration-ms="76" started-at="2022-03-18T05:52:23Z" finished-at="2022-03-18T05:52:23Z">
          <reporter-output>
          </reporter-output>
        </test-method> <!-- close -->
      </class> <!-- testRunner.InsuranceTestRunner -->
    </test> <!-- Test -->
  </suite> <!-- Suite -->
</testng-results>
